0 info it worked if it ends with ok
1 verbose cli [ 'node', '/usr/local/bin/npm', 'run', 'deploy', 'staging' ]
2 info using npm@3.5.3
3 info using node@v0.12.0
4 verbose node symlink /usr/local/bin/node
5 verbose run-script [ 'predeploy', 'deploy', 'postdeploy' ]
6 info lifecycle silkjs@0.0.1~predeploy: silkjs@0.0.1
7 silly lifecycle silkjs@0.0.1~predeploy: no script for predeploy, continuing
8 info lifecycle silkjs@0.0.1~deploy: silkjs@0.0.1
9 verbose lifecycle silkjs@0.0.1~deploy: unsafe-perm in lifecycle true
10 verbose lifecycle silkjs@0.0.1~deploy: PATH: /usr/local/lib/node_modules/npm/bin/node-gyp-bin:/Users/qwerty/silk.js/node_modules/.bin:/usr/local/bin:/bin:/sbin:/usr/bin:/usr/local/sbin:/usr/local/bin:/Users/qwerty/.rvm/gems/ruby-2.2.3/bin:/Users/qwerty/.rvm/gems/ruby-2.2.3@global/bin:/Users/qwerty/.rvm/rubies/ruby-2.2.3/bin:/usr/local/bin:/usr/bin:/bin:/usr/sbin:/sbin:/opt/X11/bin:/Users/qwerty/.rvm/bin:/Development/android-sdk-macosx/platform-tools:/Development/android-sdk-macosx/tools
11 verbose lifecycle silkjs@0.0.1~deploy: CWD: /Users/qwerty/silk.js
12 silly lifecycle silkjs@0.0.1~deploy: Args: [ '-c', 'bin/deploy.sh "staging"' ]
13 silly lifecycle silkjs@0.0.1~deploy: Returned: code: 1  signal: null
14 info lifecycle silkjs@0.0.1~deploy: Failed to exec deploy script
15 verbose stack Error: silkjs@0.0.1 deploy: `bin/deploy.sh "staging"`
15 verbose stack Exit status 1
15 verbose stack     at EventEmitter.<anonymous> (/usr/local/lib/node_modules/npm/lib/utils/lifecycle.js:232:16)
15 verbose stack     at EventEmitter.emit (events.js:110:17)
15 verbose stack     at ChildProcess.<anonymous> (/usr/local/lib/node_modules/npm/lib/utils/spawn.js:24:14)
15 verbose stack     at ChildProcess.emit (events.js:110:17)
15 verbose stack     at maybeClose (child_process.js:1008:16)
15 verbose stack     at Process.ChildProcess._handle.onexit (child_process.js:1080:5)
16 verbose pkgid silkjs@0.0.1
17 verbose cwd /Users/qwerty/silk.js
18 error Darwin 15.3.0
19 error argv "node" "/usr/local/bin/npm" "run" "deploy" "staging"
20 error node v0.12.0
21 error npm  v3.5.3
22 error code ELIFECYCLE
23 error silkjs@0.0.1 deploy: `bin/deploy.sh "staging"`
23 error Exit status 1
24 error Failed at the silkjs@0.0.1 deploy script 'bin/deploy.sh "staging"'.
24 error Make sure you have the latest version of node.js and npm installed.
24 error If you do, this is most likely a problem with the silkjs package,
24 error not with npm itself.
24 error Tell the author that this fails on your system:
24 error     bin/deploy.sh "staging"
24 error You can get information on how to open an issue for this project with:
24 error     npm bugs silkjs
24 error Or if that isn't available, you can get their info via:
24 error     npm owner ls silkjs
24 error There is likely additional logging output above.
25 verbose exit [ 1, true ]
